1
3
4
7
6
10
8
15
13
16
12
22
14
22
21
31
18
31
20
36
29
34
24
46
31
40
40
50
30
51
32
63
45
52
43
67
38
58
53
76
42
71
44
78
66
70
48
94
57
81
69
92
54
94
67
106
77
88
60
111
62
94
92
127
79
111
68
120
93
113
72
139
74
112
106
134
89
131
80
156
121
124
84
155
103
130
117
166
90
156
105
162
125
142
115
190
98
155
144
181
102
171
104
196
148
160
108
202
110
177
149
218
114
191
139
204
170
178
137
231
133
184
165
218
156
218
128
255
173
209
132
243
153
202
201
256
138
231
140
253
189
214
157
283
175
220
204
260
150
256
152
286
222
243
187
287
158
238
213
316
185
283
164
288
232
250
168
323
183
273
248
302
174
291
218
342
237
268
180
336
182
287
245
346
223
311
205
330
281
305
192
382
194
292
274
351
198
342
200
381
269
304
233
375
247
310
300
404
229
358
212
372
285
322
259
418
249
328
293
397
239
371
224
442
331
340
228
419
230
369
320
436
234
404
283
414
317
375
240
471
242
375
364
428
302
411
267
466
333
406
252
470
277
382
358
511
258
431
297
469
378
394
264
507
319
419
357
470
270
471
272
528
378
412
342
507
278
418
404
533
282
471
284
498
400
443
329
571
307
465
389
512
294
498
355
556
441
448
323
556
345
454
405
590
367
528
308
551
413
497
312
599
314
472
463
554
318
531
349
636
429
507
343
607
404
490
437
616
377
562
332
582
482
502
403
659
338
521
453
613
373
590
400
646
484
520
348
639
350
568
521
694
354
591
427
624
494
538
360
696
381
544
496
651
439
611
368
714
534
593
425
683
374
579
531
706
407
659
380
685
509
574
384
766
474
580
560
680
390
664
415
743
525
592
475
738
398
598
552
781
402
671
435
708
606
639
445
783
410
657
549
722
473
714
499
820
557
647
420
778
422
634
612
796
528
711
489
750
586
689
432
850
434
683
610
764
461
731
440
837
645
681
444
815
535
670
597
890
450
781
493
792
605
682
560
875
458
688
681
829
462
782
464
900
652
700
468
872
537
753
629
886
517
791
590
851
690
718
480
951
519
724
668
859
583
850
488
916
653
792
492
903
523
761
727
962
569
831
500
906
669
754
504
974
607
783
690
890
510
868
585
1023
761
772
619
947
565
815
693
989
522
900
524
918
743
790
559
1035
553
849
768
951
575
891
643
1006
717
808
628
1011
542
814
725
1072
655
924
548
960
794
892
581
1059
633
832
778
974
558
962
603
1093
766
844
564
1035
679
850
848
1066
570
970
572
1015
765
903
714
1147
578
885
773
1045
665
971
637
1096
859
880
588
1086
621
945
789
1148
594
1035
732
1044
797
921
600
1156
602
947
872
1058
738
1011
608
1198
842
977
659
1140
614
922
862
1167
618
1031
620
1117
921
934
713
1223
781
940
856
1100
667
1093
632
1186
845
952
763
1167
742
987
924
1276
642
1071
644
1151
904
989
648
1255
709
1054
900
1142
654
1091
787
1272
950
1035
660
1222
662
994
902
1246
818
1148
697
1170
893
1073
733
1331
674
1012
1006
1197
678
1131
777
1293
909
1055
684
1274
823
1086
917
1334
743
1174
692
1212
1013
1042
835
1335
739
1048
933
1268
702
1223
741
1398
988
1060
809
1299
710
1137
1028
1336
745
1208
872
1254
957
1078
720
1416
825
1103
965
1268
900
1222
728
1379
1093
1169
775
1343
734
1102
1037
1450
805
1272
740
1333
1008
1167
744
1427
895
1120
1080
1327
857
1281
752
1458
1005
1161
907
1415
758
1138
1036
1445
762
1271
873
1338
1123
1150
827
1534
770
1244
1029
1352
774
1334
962
1456
1074
1168
821
1444
853
1197
1161
1527
943
1311
788
1380
1053
1265
905
1530
855
1192
1114
1394
798
1350
847
1581
1158
1204
877
1475
990
1241
1077
1516
810
1416
812
1451
1085
1259
979
1599
861
1228
1197
1477
822
1371
824
1546
1167
1299
828
1542
830
1329
1109
1652
970
1391
1003
1483
1241
1258
840
1618
871
1264
1125
1478
1028
1458
980
1644
1133
1378
889
1563
854
1343
1255
1606
858
1444
860
1549
1190
1294
864
1714
1039
1300
1174
1551
949
1480
939
1636
1262
1335
1093
1607
878
1318
1173
1717
882
1527
884
1565
1240
1330
888
1703
1017
1425
1332
1562
941
1491
1075
1786
1220
1348
931
1681
955
1395
1248
1696
1087
1511
908
1590
1314
1470
912
1787
997
1372
1282
1604
1049
1599
920
1749
1229
1384
995
1706
1148
1390
1340
1828
930
1582
1084
1632
1245
1402
1140
1808
938
1475
1253
1693
942
1571
985
1830
1408
1463
948
1739
1023
1540
1269
1803
954
1644
1147
1674
1306
1438
1097
1911
993
1481
1392
1688
1159
1634
968
1827
1312
1553
972
1822
1113
1462
1379
1892
978
1631
1069
1772
1418
1474
984
1887
1183
1509
1364
1749
1033
1717
992
1954
1325
1563
1195
1827
998
1498
1481
1906
