305
1 1000000
2 303
3 302
4 301
5 300
6 299
7 298
8 297
9 296
10 295
11 294
12 293
13 292
14 291
15 290
16 289
17 288
18 287
19 286
20 285
21 284
22 283
23 282
24 281
25 280
26 279
27 278
28 277
29 276
30 275
31 274
32 273
33 272
34 271
35 270
36 269
37 268
38 267
39 266
40 265
41 264
42 263
43 262
44 261
45 260
46 259
47 258
48 257
49 256
50 255
51 254
52 253
53 252
54 251
55 250
56 249
57 248
58 247
59 246
60 245
61 244
62 243
63 242
64 241
65 240
66 239
67 238
68 237
69 236
70 235
71 234
72 233
73 232
74 231
75 230
76 229
77 228
78 227
79 226
80 225
81 224
82 223
83 222
84 221
85 220
86 219
87 218
88 217
89 216
90 215
91 214
92 213
93 212
94 211
95 210
96 209
97 208
98 207
99 206
100 205
101 204
102 203
103 202
104 201
105 200
106 199
107 198
108 197
109 196
110 195
111 194
112 193
113 192
114 191
115 190
116 189
117 188
118 187
119 186
120 185
121 184
122 183
123 182
124 181
125 180
126 179
127 178
128 177
129 176
130 175
131 174
132 173
133 172
134 171
135 170
136 169
137 168
138 167
139 166
140 165
141 164
142 163
143 162
144 161
145 160
146 159
147 158
148 157
149 156
150 155
151 154
152 153
153 152
154 151
155 150
156 149
157 148
158 147
159 146
160 145
161 144
162 143
163 142
164 141
165 140
166 139
167 138
168 137
169 136
170 135
171 134
172 133
173 132
174 131
175 130
176 129
177 128
178 127
179 126
180 125
181 124
182 123
183 122
184 121
185 120
186 119
187 118
188 117
189 116
190 115
191 114
192 113
193 112
194 111
195 110
196 109
197 108
198 107
199 106
200 105
201 104
202 103
203 102
204 101
205 100
206 99
207 98
208 97
209 96
210 95
211 94
212 93
213 92
214 91
215 90
216 89
217 88
218 87
219 86
220 85
221 84
222 83
223 82
224 81
225 80
226 79
227 78
228 77
229 76
230 75
231 74
232 73
233 72
234 71
235 70
236 69
237 68
238 67
239 66
240 65
241 64
242 63
243 62
244 61
245 60
246 59
247 58
248 57
249 56
250 55
251 54
252 53
253 52
254 51
255 50
256 49
257 48
258 47
259 46
260 45
261 44
262 43
263 42
264 41
265 40
266 39
267 38
268 37
269 36
270 35
271 34
272 33
273 32
274 31
275 30
276 29
277 28
278 27
279 26
280 25
281 24
282 23
283 22
284 21
285 20
286 19
287 18
288 17
289 16
290 15
291 14
292 13
293 12
294 11
295 10
296 9
297 8
298 7
299 6
300 5
301 4
302 3
303 2
304 1
1000000 1000000